<?xml version="1.0" encoding="UTF-8"?>
<robot generator="Robot 7.4.2 (Python 3.10.11 on win32)" generated="2026-04-04T15:22:24.070858" rpa="false" schemaversion="5">
<suite id="s1" name="Test Login" source="C:\Users\azads\OneDrive\Desktop\git\Assesment\Week4\Gullylabs\tests\functional\test_login.robot">
<test id="s1-t1" name="TC01 login" line="9">
<kw name="Open Application" owner="common_resources" type="SETUP">
<kw name="Open Browser" owner="SeleniumLibrary">
<msg time="2026-04-04T15:22:24.651077" level="INFO">Opening browser 'chrome' to base url 'https://gullylabs.com/account/login'.</msg>
<arg>${url}</arg>
<arg>${BROWSER}</arg>
<doc>Opens a new browser instance to the optional ``url``.</doc>
<status status="PASS" start="2026-04-04T15:22:24.650079" elapsed="9.083466"/>
</kw>
<kw name="Maximize Browser Window" owner="SeleniumLibrary">
<doc>Maximizes current browser window.</doc>
<status status="PASS" start="2026-04-04T15:22:33.733545" elapsed="0.041461"/>
</kw>
<arg>https://gullylabs.com/account/login</arg>
<doc>opens the application</doc>
<status status="PASS" start="2026-04-04T15:22:24.648097" elapsed="9.127904"/>
</kw>
<kw name="Login Page" owner="login_page">
<kw name="Input Text" owner="SeleniumLibrary">
<msg time="2026-04-04T15:22:33.779000" level="INFO">Typing text 'azadsr158@gmail.com' into text field 'xpath=//*[@id="CustomerEmail"]'.</msg>
<arg>${email}</arg>
<arg>${given_mail}</arg>
<doc>Types the given ``text`` into the text field identified by ``locator``.</doc>
<status status="PASS" start="2026-04-04T15:22:33.777003" elapsed="0.406035"/>
</kw>
<kw name="Input Text" owner="SeleniumLibrary">
<msg time="2026-04-04T15:22:34.184033" level="INFO">Typing text 'Pranjal@123' into text field 'xpath=//*[@id="CustomerPassword"]'.</msg>
<arg>${password}</arg>
<arg>${given_pass}</arg>
<doc>Types the given ``text`` into the text field identified by ``locator``.</doc>
<status status="PASS" start="2026-04-04T15:22:34.183038" elapsed="0.285362"/>
</kw>
<kw name="Click Button" owner="SeleniumLibrary">
<msg time="2026-04-04T15:22:34.469406" level="INFO">Clicking button 'xpath=//*[@id="customer_login"]/ul/li[1]/button'.</msg>
<arg>${click}</arg>
<doc>Clicks the button identified by ``locator``.</doc>
<status status="PASS" start="2026-04-04T15:22:34.468400" elapsed="3.645683"/>
</kw>
<kw name="Page Should Contain" owner="SeleniumLibrary">
<msg time="2026-04-04T15:22:38.731449" level="INFO" html="true">&lt;/td&gt;&lt;/tr&gt;&lt;tr&gt;&lt;td colspan="3"&gt;&lt;a href="selenium-screenshot-1.png"&gt;&lt;img src="selenium-screenshot-1.png" width="800px"&gt;&lt;/a&gt;</msg>
<msg time="2026-04-04T15:22:38.732455" level="FAIL">Page should have contained text 'xpath=href="/account/login"' but did not.</msg>
<arg>xpath=href="/account/login"</arg>
<doc>Verifies that current page contains ``text``.</doc>
<status status="FAIL" start="2026-04-04T15:22:38.114083" elapsed="0.622463">Page should have contained text 'xpath=href="/account/login"' but did not.</status>
</kw>
<kw name="Page Should Contain" owner="SeleniumLibrary">
<arg>xpath=href="/account/logout"</arg>
<doc>Verifies that current page contains ``text``.</doc>
<status status="NOT RUN" start="2026-04-04T15:22:38.737548" elapsed="0.000000"/>
</kw>
<arg>azadsr158@gmail.com</arg>
<arg>Pranjal@123</arg>
<status status="FAIL" start="2026-04-04T15:22:33.777003" elapsed="4.961541">Page should have contained text 'xpath=href="/account/login"' but did not.</status>
</kw>
<kw name="Close Application" owner="common_resources" type="TEARDOWN">
<kw name="Close All Browsers" owner="SeleniumLibrary">
<doc>Closes all open browsers and resets the browser cache.</doc>
<status status="PASS" start="2026-04-04T15:22:38.741646" elapsed="6.623286"/>
</kw>
<status status="PASS" start="2026-04-04T15:22:38.740556" elapsed="6.625382"/>
</kw>
<doc>cheching login</doc>
<tag>functional</tag>
<status status="FAIL" start="2026-04-04T15:22:24.624962" elapsed="20.740976">Page should have contained text 'xpath=href="/account/login"' but did not.</status>
</test>
<status status="FAIL" start="2026-04-04T15:22:24.075590" elapsed="21.292433"/>
</suite>
<statistics>
<total>
<stat pass="0" fail="1" skip="0">All Tests</stat>
</total>
<tag>
<stat pass="0" fail="1" skip="0">functional</stat>
</tag>
<suite>
<stat name="Test Login" id="s1" pass="0" fail="1" skip="0">Test Login</stat>
</suite>
</statistics>
<errors>
</errors>
</robot>
