<?xml version="1.0" encoding="UTF-8"?>
<robot generator="Robot 7.4.2 (Python 3.14.0 on win32)" generated="2026-04-02T11:06:48.166689" rpa="false" schemaversion="5">
<suite id="s1" name="Arg" source="C:\Users\azads\OneDrive\Desktop\git\project\Day15\arg.robot">
<test id="s1-t1" name="Login" line="8">
<kw name="Open Browser" owner="SeleniumLibrary">
<msg time="2026-04-02T11:06:48.737830" level="INFO">Opening browser 'headlesschrome' to base url 'https://sauce-demo.myshopify.com/account/login'.</msg>
<arg>${url}</arg>
<arg>headlesschrome</arg>
<doc>Opens a new browser instance to the optional ``url``.</doc>
<status status="PASS" start="2026-04-02T11:06:48.737115" elapsed="4.730237"/>
</kw>
<kw name="Login Success">
<kw name="Input Text" owner="SeleniumLibrary">
<msg time="2026-04-02T11:06:53.472661" level="INFO">Typing text 'Cheeseburger@gmail.com' into text field 'id=customer_email'.</msg>
<arg>id=customer_email</arg>
<arg>${email}</arg>
<doc>Types the given ``text`` into the text field identified by ``locator``.</doc>
<status status="PASS" start="2026-04-02T11:06:53.471047" elapsed="0.334927"/>
</kw>
<kw name="Input Text" owner="SeleniumLibrary">
<msg time="2026-04-02T11:06:53.806873" level="INFO">Typing text 'iamironman' into text field 'id=customer_password'.</msg>
<arg>id=customer_password</arg>
<arg>${pwd}</arg>
<doc>Types the given ``text`` into the text field identified by ``locator``.</doc>
<status status="PASS" start="2026-04-02T11:06:53.806381" elapsed="0.156252"/>
</kw>
<arg>Cheeseburger@gmail.com</arg>
<arg>iamironman</arg>
<status status="PASS" start="2026-04-02T11:06:53.469436" elapsed="0.493406"/>
</kw>
<kw name="Sleep" owner="BuiltIn">
<msg time="2026-04-02T11:06:55.964765" level="INFO">Slept 2 seconds.</msg>
<arg>2s</arg>
<doc>Pauses the test executed for the given time.</doc>
<status status="PASS" start="2026-04-02T11:06:53.963477" elapsed="2.001470"/>
</kw>
<status status="PASS" start="2026-04-02T11:06:48.734876" elapsed="7.230652"/>
</test>
<status status="PASS" start="2026-04-02T11:06:48.170811" elapsed="7.796438"/>
</suite>
<statistics>
<total>
<stat pass="1" fail="0" skip="0">All Tests</stat>
</total>
<tag>
</tag>
<suite>
<stat name="Arg" id="s1" pass="1" fail="0" skip="0">Arg</stat>
</suite>
</statistics>
<errors>
</errors>
</robot>
