<?xml version="1.0" encoding="UTF-8"?>
<robot generator="Robot 7.4.2 (Python 3.10.11 on win32)" generated="2026-04-04T15:17:40.081738" rpa="false" schemaversion="5">
<suite id="s1" name="Test Login" source="C:\Users\azads\OneDrive\Desktop\git\Assesment\Week4\Gullylabs\tests\functional\test_login.robot">
<test id="s1-t1" name="TC01 login" line="9">
<kw name="Open Application" owner="common_resources" type="SETUP">
<kw name="Open Browser" owner="SeleniumLibrary">
<msg time="2026-04-04T15:17:40.654043" level="INFO">Opening browser 'chrome' to base url 'https://gullylabs.com/'.</msg>
<arg>${url}</arg>
<arg>${BROWSER}</arg>
<doc>Opens a new browser instance to the optional ``url``.</doc>
<status status="PASS" start="2026-04-04T15:17:40.654043" elapsed="10.683756"/>
</kw>
<kw name="Maximize Browser Window" owner="SeleniumLibrary">
<doc>Maximizes current browser window.</doc>
<status status="PASS" start="2026-04-04T15:17:51.337799" elapsed="0.129040"/>
</kw>
<arg>https://gullylabs.com/</arg>
<doc>opens the application</doc>
<status status="PASS" start="2026-04-04T15:17:40.652045" elapsed="10.814794"/>
</kw>
<kw name="Login Page" owner="login_page">
<kw name="Input Text" owner="SeleniumLibrary">
<msg time="2026-04-04T15:17:51.472255" level="INFO">Typing text 'azadsr158@gmail.com' into text field 'xpath=//*[@id="CustomerEmail"]'.</msg>
<msg time="2026-04-04T15:17:52.385185" level="INFO" html="true">&lt;/td&gt;&lt;/tr&gt;&lt;tr&gt;&lt;td colspan="3"&gt;&lt;a href="selenium-screenshot-1.png"&gt;&lt;img src="selenium-screenshot-1.png" width="800px"&gt;&lt;/a&gt;</msg>
<msg time="2026-04-04T15:17:52.385185" level="FAIL">Element with locator 'xpath=//*[@id="CustomerEmail"]' not found.</msg>
<arg>${email}</arg>
<arg>${given_mail}</arg>
<doc>Types the given ``text`` into the text field identified by ``locator``.</doc>
<status status="FAIL" start="2026-04-04T15:17:51.470271" elapsed="0.920928">Element with locator 'xpath=//*[@id="CustomerEmail"]' not found.</status>
</kw>
<kw name="Input Text" owner="SeleniumLibrary">
<arg>${password}</arg>
<arg>${given_pass}</arg>
<doc>Types the given ``text`` into the text field identified by ``locator``.</doc>
<status status="NOT RUN" start="2026-04-04T15:17:52.391199" elapsed="0.000000"/>
</kw>
<kw name="Click Button" owner="SeleniumLibrary">
<arg>${click}</arg>
<doc>Clicks the button identified by ``locator``.</doc>
<status status="NOT RUN" start="2026-04-04T15:17:52.392409" elapsed="0.000000"/>
</kw>
<kw name="Page Should Contain" owner="SeleniumLibrary">
<arg>//*[@id="shopify-section-template--25416428159260__main"]/section/x-grid/x-cell[1]/a</arg>
<doc>Verifies that current page contains ``text``.</doc>
<status status="NOT RUN" start="2026-04-04T15:17:52.392409" elapsed="0.000000"/>
</kw>
<arg>azadsr158@gmail.com</arg>
<arg>Pranjal@123</arg>
<status status="FAIL" start="2026-04-04T15:17:51.468226" elapsed="0.925552">Element with locator 'xpath=//*[@id="CustomerEmail"]' not found.</status>
</kw>
<kw name="Close Application" owner="common_resources" type="TEARDOWN">
<kw name="Close All Browsers" owner="SeleniumLibrary">
<doc>Closes all open browsers and resets the browser cache.</doc>
<status status="PASS" start="2026-04-04T15:17:52.396463" elapsed="6.587919"/>
</kw>
<status status="PASS" start="2026-04-04T15:17:52.395115" elapsed="6.590276"/>
</kw>
<doc>cheching login</doc>
<tag>functional</tag>
<status status="FAIL" start="2026-04-04T15:17:40.628267" elapsed="18.357124">Element with locator 'xpath=//*[@id="CustomerEmail"]' not found.</status>
</test>
<status status="FAIL" start="2026-04-04T15:17:40.087059" elapsed="18.900328"/>
</suite>
<statistics>
<total>
<stat pass="0" fail="1" skip="0">All Tests</stat>
</total>
<tag>
<stat pass="0" fail="1" skip="0">functional</stat>
</tag>
<suite>
<stat name="Test Login" id="s1" pass="0" fail="1" skip="0">Test Login</stat>
</suite>
</statistics>
<errors>
</errors>
</robot>
