<?xml version="1.0" encoding="UTF-8"?>
<robot generator="Robot 7.4.2 (Python 3.10.11 on win32)" generated="2026-04-04T15:27:20.796508" rpa="false" schemaversion="5">
<suite id="s1" name="Test Login" source="C:\Users\azads\OneDrive\Desktop\git\Assesment\Week4\Gullylabs\tests\functional\test_login.robot">
<test id="s1-t1" name="TC01 login" line="9">
<kw name="Open Application" owner="common_resources" type="SETUP">
<kw name="Open Browser" owner="SeleniumLibrary">
<msg time="2026-04-04T15:27:21.345251" level="INFO">Opening browser 'chrome' to base url 'https://gullylabs.com/account/login'.</msg>
<arg>${url}</arg>
<arg>${BROWSER}</arg>
<doc>Opens a new browser instance to the optional ``url``.</doc>
<status status="PASS" start="2026-04-04T15:27:21.344252" elapsed="8.208423"/>
</kw>
<kw name="Maximize Browser Window" owner="SeleniumLibrary">
<doc>Maximizes current browser window.</doc>
<status status="PASS" start="2026-04-04T15:27:29.553674" elapsed="0.061566"/>
</kw>
<arg>https://gullylabs.com/account/login</arg>
<doc>opens the application</doc>
<status status="PASS" start="2026-04-04T15:27:21.342252" elapsed="8.272988"/>
</kw>
<kw name="Login Page" owner="login_page">
<kw name="Input Text" owner="SeleniumLibrary">
<msg time="2026-04-04T15:27:29.618958" level="INFO">Typing text 'azadsr158@gmail.com' into text field 'xpath=//*[@id="CustomerEmail"]'.</msg>
<arg>${email}</arg>
<arg>${given_mail}</arg>
<doc>Types the given ``text`` into the text field identified by ``locator``.</doc>
<status status="PASS" start="2026-04-04T15:27:29.617931" elapsed="0.497061"/>
</kw>
<kw name="Input Text" owner="SeleniumLibrary">
<msg time="2026-04-04T15:27:30.117987" level="INFO">Typing text 'Pranjal@123' into text field 'xpath=//*[@id="CustomerPassword"]'.</msg>
<arg>${password}</arg>
<arg>${given_pass}</arg>
<doc>Types the given ``text`` into the text field identified by ``locator``.</doc>
<status status="PASS" start="2026-04-04T15:27:30.115995" elapsed="0.301551"/>
</kw>
<kw name="Click Button" owner="SeleniumLibrary">
<msg time="2026-04-04T15:27:30.418517" level="INFO">Clicking button 'xpath=//*[@id="customer_login"]/ul/li[1]/button'.</msg>
<arg>${click}</arg>
<doc>Clicks the button identified by ``locator``.</doc>
<status status="PASS" start="2026-04-04T15:27:30.417546" elapsed="3.745524"/>
</kw>
<kw name="Page Should Contain Element" owner="SeleniumLibrary">
<msg time="2026-04-04T15:27:34.244985" level="INFO">Current page contains element 'xpath=//a[@href="/account"]'.</msg>
<arg>xpath=//a[@href="/account"]</arg>
<doc>Verifies that element ``locator`` is found on the current page.</doc>
<status status="PASS" start="2026-04-04T15:27:34.164640" elapsed="0.080345"/>
</kw>
<kw name="Page Should Contain Element" owner="SeleniumLibrary">
<msg time="2026-04-04T15:27:34.271845" level="INFO">Current page contains element 'xpath=//a[@href="/account/logout"]'.</msg>
<arg>xpath=//a[@href="/account/logout"]</arg>
<doc>Verifies that element ``locator`` is found on the current page.</doc>
<status status="PASS" start="2026-04-04T15:27:34.246383" elapsed="0.025462"/>
</kw>
<kw name="Sleep" owner="BuiltIn">
<msg time="2026-04-04T15:27:39.275267" level="INFO">Slept 5 seconds.</msg>
<arg>5s</arg>
<doc>Pauses the test executed for the given time.</doc>
<status status="PASS" start="2026-04-04T15:27:34.272845" elapsed="5.002422"/>
</kw>
<arg>azadsr158@gmail.com</arg>
<arg>Pranjal@123</arg>
<status status="PASS" start="2026-04-04T15:27:29.616661" elapsed="9.659611"/>
</kw>
<kw name="Close Application" owner="common_resources" type="TEARDOWN">
<kw name="Close All Browsers" owner="SeleniumLibrary">
<doc>Closes all open browsers and resets the browser cache.</doc>
<status status="PASS" start="2026-04-04T15:27:39.278246" elapsed="6.609282"/>
</kw>
<status status="PASS" start="2026-04-04T15:27:39.277251" elapsed="6.611284"/>
</kw>
<doc>cheching login</doc>
<tag>functional</tag>
<status status="PASS" start="2026-04-04T15:27:21.320943" elapsed="24.567592"/>
</test>
<status status="PASS" start="2026-04-04T15:27:20.801250" elapsed="25.089409"/>
</suite>
<statistics>
<total>
<stat pass="1" fail="0" skip="0">All Tests</stat>
</total>
<tag>
<stat pass="1" fail="0" skip="0">functional</stat>
</tag>
<suite>
<stat name="Test Login" id="s1" pass="1" fail="0" skip="0">Test Login</stat>
</suite>
</statistics>
<errors>
</errors>
</robot>
