<?xml version="1.0" encoding="UTF-8"?>
<robot generator="Robot 7.4.2 (Python 3.10.11 on win32)" generated="2026-04-10T15:25:54.169894" rpa="false" schemaversion="5">
<suite id="s1" name="Test Login" source="C:\Users\azads\OneDrive\Desktop\git\Assesment\Week4\Gullylabs\tests\functional\test_login.robot">
<kw name="Load Environment" owner="common_resources" type="SETUP">
<kw name="Load Env">
<msg time="2026-04-10T15:25:54.779895" level="FAIL">No keyword with name 'Load Env' found.</msg>
<arg>${ENV}</arg>
<status status="FAIL" start="2026-04-10T15:25:54.779895" elapsed="0.000000">No keyword with name 'Load Env' found.</status>
</kw>
<kw name="Get Env">
<var>${url}</var>
<arg>baseurl</arg>
<status status="NOT RUN" start="2026-04-10T15:25:54.779895" elapsed="0.000000"/>
</kw>
<kw name="Get Env">
<var>${email}</var>
<arg>user_email</arg>
<status status="NOT RUN" start="2026-04-10T15:25:54.780899" elapsed="0.000000"/>
</kw>
<kw name="Get Env">
<var>${pwd}</var>
<arg>user_password</arg>
<status status="NOT RUN" start="2026-04-10T15:25:54.780899" elapsed="0.000000"/>
</kw>
<kw name="Set Global Variable" owner="BuiltIn">
<arg>${BASES_URL}</arg>
<arg>${url}</arg>
<doc>Makes a variable available globally in all tests and suites.</doc>
<status status="NOT RUN" start="2026-04-10T15:25:54.780899" elapsed="0.000000"/>
</kw>
<kw name="Set Global Variable" owner="BuiltIn">
<arg>${USER_EMAIL}</arg>
<arg>${email}</arg>
<doc>Makes a variable available globally in all tests and suites.</doc>
<status status="NOT RUN" start="2026-04-10T15:25:54.781898" elapsed="0.000000"/>
</kw>
<kw name="Set Global Variable" owner="BuiltIn">
<arg>${USER_PWD}</arg>
<arg>${pwd}</arg>
<doc>Makes a variable available globally in all tests and suites.</doc>
<status status="NOT RUN" start="2026-04-10T15:25:54.781898" elapsed="0.000000"/>
</kw>
<status status="FAIL" start="2026-04-10T15:25:54.774900" elapsed="0.006998">No keyword with name 'Load Env' found.</status>
</kw>
<test id="s1-t1" name="TC01 login" line="10">
<doc>checking login</doc>
<tag>functional</tag>
<status status="FAIL" start="2026-04-10T15:25:54.781898" elapsed="0.000998">Parent suite setup failed:
No keyword with name 'Load Env' found.</status>
</test>
<status status="FAIL" start="2026-04-10T15:25:54.176150" elapsed="0.609515">Suite setup failed:
No keyword with name 'Load Env' found.</status>
</suite>
<statistics>
<total>
<stat pass="0" fail="1" skip="0">All Tests</stat>
</total>
<tag>
<stat pass="0" fail="1" skip="0">functional</stat>
</tag>
<suite>
<stat name="Test Login" id="s1" pass="0" fail="1" skip="0">Test Login</stat>
</suite>
</statistics>
<errors>
<msg time="2026-04-10T15:25:54.767896" level="ERROR">Error in file 'C:\Users\azads\OneDrive\Desktop\git\Assesment\Week4\Gullylabs\resources\common_resources.robot' on line 3: Importing library 'C:\Users\azads\OneDrive\Desktop\git\Assesment\Week4\Gullylabs\config\env_loader.py' failed: ModuleNotFoundError: No module named 'yaml'
Traceback (most recent call last):
  File "C:\Users\azads\OneDrive\Desktop\git\Assesment\Week4\Gullylabs\config\env_loader.py", line 1, in &lt;module&gt;
    import yaml
PYTHONPATH:
  C:\Users\azads\OneDrive\Desktop\git\Assesment\Week4\Gullylabs\config
  C:\Users\azads\OneDrive\Desktop\git\Assesment\Week4\Gullylabs\venv\Scripts\robot.exe
  C:\Program Files\Python310\python310.zip
  C:\Program Files\Python310\DLLs
  C:\Program Files\Python310\lib
  C:\Program Files\Python310
  C:\Users\azads\OneDrive\Desktop\git\Assesment\Week4\Gullylabs\venv
  C:\Users\azads\OneDrive\Desktop\git\Assesment\Week4\Gullylabs\venv\lib\site-packages</msg>
<msg time="2026-04-10T15:25:54.771899" level="ERROR">Error in file 'C:\Users\azads\OneDrive\Desktop\git\Assesment\Week4\Gullylabs\resources\common_resources.robot' on line 4: Importing library 'env_loader' failed: ModuleNotFoundError: No module named 'env_loader'
Traceback (most recent call last):
  None
PYTHONPATH:
  C:\Users\azads\OneDrive\Desktop\git\Assesment\Week4\Gullylabs\venv\Scripts\robot.exe
  C:\Program Files\Python310\python310.zip
  C:\Program Files\Python310\DLLs
  C:\Program Files\Python310\lib
  C:\Program Files\Python310
  C:\Users\azads\OneDrive\Desktop\git\Assesment\Week4\Gullylabs\venv
  C:\Users\azads\OneDrive\Desktop\git\Assesment\Week4\Gullylabs\venv\lib\site-packages</msg>
</errors>
</robot>
